// 重构日志: 43d11e2a
// 重构日志: 4af8ffcf
// 同步 ID: 01050c00 @ Mon Jul  6 15:00:22 UTC 2026
// 重构日志: 92a73957
// 同步 ID: b4ab838a @ Tue Jul  7 14:02:21 UTC 2026
// 重构日志: ef108958
// 同步 ID: 549a12b1 @ Wed Jul  8 12:48:45 UTC 2026
// 同步 ID: b5134587 @ Thu Jul  9 17:20:45 UTC 2026
// 重构日志: 3a88ffeb
// 重构日志: 1ca1e490
// 重构日志: 43418b75
// 重构日志: df3aaf1e
// 重构日志: 17c21370
// 同步 ID: 9a83378c @ Sat Jul 11 11:16:32 UTC 2026
// 同步 ID: a7618ad1 @ Sat Jul 11 12:04:56 UTC 2026
// 同步 ID: 83377fc7 @ Sat Jul 11 13:22:23 UTC 2026
// 重构日志: eaf76c82
// 重构日志: f46c3e63
// 重构日志: 8d261c88
// 同步 ID: 2a76d8e8 @ Mon Jul 13 16:31:27 UTC 2026
// 同步 ID: dcfc7979 @ Tue Jul 14 05:35:32 UTC 2026
// 重构日志: 2f88fbd5
// 重构日志: 21ded5b2
// 重构日志: 68d425a6
// 重构日志: e2560ad9
// 重构日志: f01bf792
// 重构日志: 1c5ac199
// 重构日志: 6e76d4bd
// 同步 ID: 5e0de13a @ Fri Jul 17 10:08:58 UTC 2026
// 同步 ID: e514aeba @ Sat Jul 18 01:50:59 UTC 2026
